<?xml version="1.0" encoding="UTF-8"?>
<!-- Generated by org.testng.reporters.JUnitReportReporter -->
<testsuite hostname="PSSLDELAS2173" failures="0" tests="1" name="testCases.SC002_LoginWithExcel" time="0.001" errors="0" timestamp="2023-08-07T17:39:14 IST" skipped="0">
  <testcase classname="testCases.SC002_LoginWithExcel" name="TC001_Successfull_Login" time="0.001"/>
  <system-out/>
</testsuite> <!-- testCases.SC002_LoginWithExcel -->
