<?xml version="1.0" encoding="UTF-8"?>
<!-- Generated by org.testng.reporters.JUnitReportReporter -->
<testsuite hostname="PSSLDELAS2173" failures="0" tests="2" name="testCases.SC001_LoginFeature" time="0.834" errors="0" timestamp="2023-08-07T17:39:15 IST" skipped="0">
  <testcase classname="testCases.SC001_LoginFeature" name="TC002_unSuccessfull_login" time="0.220"/>
  <system-out/>
  <testcase classname="testCases.SC001_LoginFeature" name="TC001_successLogin" time="0.614"/>
  <system-out/>
</testsuite> <!-- testCases.SC001_LoginFeature -->
