<?xml version="1.0" encoding="UTF-8"?>
<!-- Generated by org.testng.reporters.JUnitReportReporter -->
<testsuite hostname="PSSLDELAS2173" failures="0" tests="2" name="testCases.SC001_LoginFeature" time="1.474" errors="0" timestamp="2023-08-07T13:13:47 IST" skipped="0">
  <testcase classname="testCases.SC001_LoginFeature" name="TC001_successLogin" time="1.031"/>
  <system-out/>
  <testcase classname="testCases.SC001_LoginFeature" name="TC002_unSuccessfull_login" time="0.443"/>
  <system-out/>
</testsuite> <!-- testCases.SC001_LoginFeature -->
